<?xml version="1.0" encoding="UTF-8"?>
<testng-results ignored="0" total="2" passed="2" failed="0" skipped="0">
  <reporter-output>
  </reporter-output>
  <suite started-at="2024-06-08T23:39:16 IST" name="Suite" finished-at="2024-06-08T23:39:53 IST" duration-ms="36570">
    <groups>
    </groups>
    <test started-at="2024-06-08T23:39:16 IST" name="chrome test" finished-at="2024-06-08T23:39:53 IST" duration-ms="36570">
      <class name="TestCases.TC_001_Login">
        <test-method is-config="true" signature="setup(java.lang.String,java.lang.String)[pri:0, instance:TestCases.TC_001_Login@46cdf8bd]" started-at="2024-06-08T23:39:17 IST" name="setup" finished-at="2024-06-08T23:39:27 IST" duration-ms="10368" status="PASS">
          <params>
            <param index="0">
              <value>
                <![CDATA[mac]]>
              </value>
            </param>
            <param index="1">
              <value>
                <![CDATA[chrome]]>
              </value>
            </param>
          </params>
          <reporter-output>
          </reporter-output>
        </test-method> <!-- setup -->
        <test-method signature="verify_loginddt(java.lang.String,java.lang.String)[pri:0, instance:TestCases.TC_001_Login@46cdf8bd]" started-at="2024-06-08T23:39:28 IST" name="verify_loginddt" data-provider="LoginData" finished-at="2024-06-08T23:39:31 IST" duration-ms="3454" status="PASS">
          <params>
            <param index="0">
              <value>
                <![CDATA[Admin]]>
              </value>
            </param>
            <param index="1">
              <value>
                <![CDATA[admin123]]>
              </value>
            </param>
          </params>
          <reporter-output>
          </reporter-output>
        </test-method> <!-- verify_loginddt -->
        <test-method signature="verify_loginddt(java.lang.String,java.lang.String)[pri:0, instance:TestCases.TC_001_Login@46cdf8bd]" started-at="2024-06-08T23:39:31 IST" name="verify_loginddt" data-provider="LoginData" finished-at="2024-06-08T23:39:53 IST" duration-ms="21758" status="PASS">
          <params>
            <param index="0">
              <value>
                <![CDATA[Admin]]>
              </value>
            </param>
            <param index="1">
              <value>
                <![CDATA[admin1233]]>
              </value>
            </param>
          </params>
          <reporter-output>
          </reporter-output>
        </test-method> <!-- verify_loginddt -->
        <test-method is-config="true" signature="closeBrowser()[pri:0, instance:TestCases.TC_001_Login@46cdf8bd]" started-at="2024-06-08T23:39:53 IST" name="closeBrowser" finished-at="2024-06-08T23:39:53 IST" duration-ms="119" status="PASS">
          <reporter-output>
          </reporter-output>
        </test-method> <!-- closeBrowser -->
      </class> <!-- TestCases.TC_001_Login -->
    </test> <!-- chrome test -->
  </suite> <!-- Suite -->
</testng-results>
